  0%|          | 0/250 [00:00<?, ?it/s]  0%|          | 1/250 [00:00<00:41,  6.07it/s]  1%|          | 2/250 [00:00<00:31,  7.78it/s]  1%|          | 3/250 [00:02<03:40,  1.12it/s]  2%|▏         | 4/250 [00:04<06:14,  1.52s/it]  2%|▏         | 5/250 [00:06<06:31,  1.60s/it]  2%|▏         | 6/250 [00:09<08:20,  2.05s/it]  3%|▎         | 7/250 [00:11<09:08,  2.26s/it]  3%|▎         | 8/250 [00:14<09:05,  2.25s/it]  4%|▎         | 9/250 [00:16<08:48,  2.19s/it]  4%|▍         | 10/250 [00:17<07:39,  1.91s/it]  4%|▍         | 11/250 [00:18<06:55,  1.74s/it]  5%|▍         | 12/250 [00:20<06:58,  1.76s/it]  5%|▌         | 13/250 [00:22<06:43,  1.70s/it]  6%|▌         | 14/250 [00:25<08:46,  2.23s/it]  6%|▌         | 15/250 [00:26<07:34,  1.94s/it]  6%|▋         | 16/250 [00:28<07:00,  1.80s/it]  7%|▋         | 17/250 [00:30<06:57,  1.79s/it]  7%|▋         | 18/250 [00:31<06:31,  1.69s/it]  8%|▊         | 19/250 [00:33<06:18,  1.64s/it]  8%|▊         | 20/250 [00:34<06:18,  1.65s/it]  8%|▊         | 21/250 [00:36<05:56,  1.55s/it]  9%|▉         | 22/250 [00:38<07:08,  1.88s/it]  9%|▉         | 23/250 [00:40<07:03,  1.86s/it] 10%|▉         | 24/250 [00:42<07:15,  1.92s/it] 10%|█         | 25/250 [00:44<07:09,  1.91s/it] 10%|█         | 26/250 [00:47<08:10,  2.19s/it] 11%|█         | 27/250 [00:50<08:37,  2.32s/it] 11%|█         | 28/250 [00:53<09:30,  2.57s/it] 12%|█▏        | 29/250 [00:56<10:13,  2.78s/it] 12%|█▏        | 30/250 [00:58<09:30,  2.59s/it] 12%|█▏        | 31/250 [01:04<13:15,  3.63s/it] 13%|█▎        | 32/250 [01:07<12:05,  3.33s/it] 13%|█▎        | 33/250 [01:11<12:39,  3.50s/it] 14%|█▎        | 34/250 [01:17<16:03,  4.46s/it] 14%|█▍        | 35/250 [01:34<28:51,  8.05s/it] 14%|█▍        | 36/250 [01:37<23:57,  6.72s/it] 15%|█▍        | 37/250 [01:40<18:56,  5.33s/it] 15%|█▌        | 38/250 [01:43<17:13,  4.88s/it] 16%|█▌        | 39/250 [01:47<15:55,  4.53s/it] 16%|█▌        | 40/250 [01:50<14:24,  4.12s/it] 16%|█▋        | 41/250 [01:59<18:56,  5.44s/it] 17%|█▋        | 42/250 [02:00<15:02,  4.34s/it] 17%|█▋        | 43/250 [02:02<11:55,  3.45s/it] 18%|█▊        | 44/250 [02:04<10:19,  3.01s/it] 18%|█▊        | 45/250 [02:06<09:40,  2.83s/it] 18%|█▊        | 46/250 [02:09<09:02,  2.66s/it] 19%|█▉        | 47/250 [02:10<08:07,  2.40s/it] 19%|█▉        | 48/250 [02:12<07:38,  2.27s/it] 20%|█▉        | 49/250 [02:14<06:56,  2.07s/it] 20%|██        | 50/250 [02:15<06:15,  1.88s/it] 20%|██        | 51/250 [02:18<07:04,  2.13s/it] 21%|██        | 52/250 [02:20<07:03,  2.14s/it] 21%|██        | 53/250 [02:23<07:48,  2.38s/it] 22%|██▏       | 54/250 [02:25<07:42,  2.36s/it] 22%|██▏       | 55/250 [02:30<09:32,  2.93s/it] 22%|██▏       | 56/250 [02:34<10:55,  3.38s/it] 23%|██▎       | 57/250 [02:37<10:42,  3.33s/it] 23%|██▎       | 58/250 [02:42<12:03,  3.77s/it] 24%|██▎       | 59/250 [02:44<09:48,  3.08s/it] 24%|██▍       | 60/250 [03:06<28:24,  8.97s/it] 24%|██▍       | 61/250 [03:24<36:55, 11.72s/it] 25%|██▍       | 62/250 [03:41<41:24, 13.21s/it] 25%|██▌       | 63/250 [03:48<35:31, 11.40s/it] 26%|██▌       | 64/250 [03:54<30:02,  9.69s/it] 26%|██▌       | 65/250 [04:00<25:58,  8.43s/it] 26%|██▋       | 66/250 [04:07<24:38,  8.04s/it] 27%|██▋       | 67/250 [04:29<37:24, 12.27s/it] 27%|██▋       | 68/250 [04:39<35:31, 11.71s/it] 28%|██▊       | 69/250 [04:51<35:03, 11.62s/it] 28%|██▊       | 70/250 [05:13<44:13, 14.74s/it] 28%|██▊       | 71/250 [05:34<49:34, 16.62s/it] 29%|██▉       | 72/250 [05:54<52:59, 17.86s/it] 29%|██▉       | 73/250 [06:15<55:23, 18.77s/it] 30%|██▉       | 74/250 [06:33<53:52, 18.37s/it] 30%|███       | 75/250 [06:55<56:48, 19.48s/it] 30%|███       | 76/250 [07:09<51:54, 17.90s/it] 31%|███       | 77/250 [07:31<54:55, 19.05s/it] 31%|███       | 78/250 [07:38<44:07, 15.39s/it] 32%|███▏      | 79/250 [07:59<49:24, 17.34s/it] 32%|███▏      | 80/250 [08:20<51:41, 18.25s/it] 32%|███▏      | 81/250 [08:31<45:14, 16.06s/it] 33%|███▎      | 82/250 [08:53<50:16, 17.96s/it] 33%|███▎      | 83/250 [08:59<39:56, 14.35s/it] 34%|███▎      | 84/250 [09:08<34:49, 12.59s/it] 34%|███▍      | 85/250 [09:12<27:36, 10.04s/it] 34%|███▍      | 86/250 [09:28<32:48, 12.01s/it] 35%|███▍      | 87/250 [09:32<26:07,  9.61s/it] 35%|███▌      | 88/250 [09:39<23:52,  8.84s/it] 36%|███▌      | 89/250 [09:43<19:37,  7.31s/it] 36%|███▌      | 90/250 [09:55<23:30,  8.81s/it] 36%|███▋      | 91/250 [10:07<25:18,  9.55s/it] 37%|███▋      | 92/250 [10:29<35:17, 13.40s/it] 37%|███▋      | 93/250 [10:45<36:59, 14.13s/it] 38%|███▊      | 94/250 [10:49<29:04, 11.18s/it] 38%|███▊      | 95/250 [10:52<22:15,  8.62s/it] 38%|███▊      | 96/250 [10:57<19:45,  7.70s/it] 39%|███▉      | 97/250 [11:00<15:58,  6.27s/it] 39%|███▉      | 98/250 [11:03<13:09,  5.20s/it] 40%|███▉      | 99/250 [11:07<11:49,  4.70s/it] 40%|████      | 100/250 [11:10<10:54,  4.36s/it] 40%|████      | 101/250 [11:13<09:59,  4.03s/it] 41%|████      | 102/250 [11:16<09:11,  3.72s/it] 41%|████      | 103/250 [11:20<08:45,  3.57s/it] 42%|████▏     | 104/250 [11:22<07:44,  3.18s/it] 42%|████▏     | 105/250 [11:24<07:02,  2.91s/it] 42%|████▏     | 106/250 [11:26<06:26,  2.69s/it] 43%|████▎     | 107/250 [11:28<05:29,  2.31s/it] 43%|████▎     | 108/250 [11:31<05:47,  2.45s/it] 44%|████▎     | 109/250 [11:32<05:19,  2.27s/it] 44%|████▍     | 110/250 [11:36<06:14,  2.67s/it] 44%|████▍     | 111/250 [11:41<07:46,  3.36s/it] 45%|████▍     | 112/250 [11:47<09:52,  4.30s/it] 45%|████▌     | 113/250 [12:06<19:15,  8.43s/it] 46%|████▌     | 114/250 [12:10<16:34,  7.32s/it] 46%|████▌     | 115/250 [12:21<19:07,  8.50s/it] 46%|████▋     | 116/250 [12:31<19:39,  8.80s/it] 47%|████▋     | 117/250 [12:36<17:10,  7.75s/it] 47%|████▋     | 118/250 [12:44<16:49,  7.65s/it] 48%|████▊     | 119/250 [12:48<14:21,  6.58s/it] 48%|████▊     | 120/250 [13:10<24:16, 11.20s/it] 48%|████▊     | 121/250 [13:19<22:52, 10.64s/it] 49%|████▉     | 122/250 [13:41<29:56, 14.04s/it] 49%|████▉     | 123/250 [13:43<21:49, 10.31s/it] 50%|████▉     | 124/250 [13:44<16:13,  7.73s/it] 50%|█████     | 125/250 [14:06<24:48, 11.91s/it] 50%|█████     | 126/250 [14:16<23:22, 11.31s/it] 51%|█████     | 127/250 [14:28<23:30, 11.47s/it] 51%|█████     | 128/250 [14:30<17:34,  8.65s/it] 52%|█████▏    | 129/250 [14:53<26:18, 13.04s/it] 52%|█████▏    | 130/250 [15:11<29:11, 14.59s/it] 52%|█████▏    | 131/250 [15:28<30:15, 15.26s/it] 53%|█████▎    | 132/250 [15:47<32:03, 16.30s/it] 53%|█████▎    | 133/250 [15:52<25:28, 13.07s/it] 54%|█████▎    | 134/250 [15:56<19:41, 10.19s/it] 54%|█████▍    | 135/250 [16:01<16:38,  8.68s/it] 54%|█████▍    | 136/250 [16:07<14:49,  7.80s/it] 55%|█████▍    | 137/250 [16:15<15:08,  8.04s/it] 55%|█████▌    | 138/250 [16:19<12:41,  6.80s/it] 56%|█████▌    | 139/250 [16:23<11:06,  6.00s/it] 56%|█████▌    | 140/250 [16:30<11:24,  6.23s/it] 56%|█████▋    | 141/250 [16:38<12:13,  6.73s/it] 57%|█████▋    | 142/250 [16:47<13:17,  7.39s/it] 57%|█████▋    | 143/250 [17:08<20:32, 11.51s/it] 58%|█████▊    | 144/250 [17:13<16:58,  9.61s/it] 58%|█████▊    | 145/250 [17:19<14:36,  8.35s/it] 58%|█████▊    | 146/250 [17:35<18:38, 10.75s/it] 59%|█████▉    | 147/250 [17:45<17:56, 10.45s/it] 59%|█████▉    | 148/250 [17:59<19:53, 11.70s/it] 60%|█████▉    | 149/250 [18:06<16:52, 10.03s/it] 60%|██████    | 150/250 [18:07<12:31,  7.52s/it] 60%|██████    | 151/250 [18:13<11:45,  7.13s/it] 61%|██████    | 152/250 [18:18<10:35,  6.48s/it] 61%|██████    | 153/250 [18:21<08:30,  5.26s/it] 62%|██████▏   | 154/250 [18:24<07:35,  4.75s/it] 62%|██████▏   | 155/250 [18:31<08:33,  5.40s/it] 62%|██████▏   | 156/250 [18:44<11:40,  7.45s/it] 63%|██████▎   | 157/250 [18:49<10:44,  6.93s/it] 63%|██████▎   | 158/250 [18:57<11:00,  7.18s/it] 64%|██████▎   | 159/250 [19:12<14:12,  9.37s/it] 64%|██████▍   | 160/250 [19:15<11:14,  7.49s/it] 64%|██████▍   | 161/250 [19:18<09:21,  6.31s/it] 65%|██████▍   | 162/250 [19:25<09:20,  6.37s/it] 65%|██████▌   | 163/250 [19:28<07:52,  5.43s/it] 66%|██████▌   | 164/250 [19:34<08:04,  5.63s/it] 66%|██████▌   | 165/250 [19:44<09:52,  6.97s/it] 66%|██████▋   | 166/250 [19:51<09:39,  6.90s/it] 67%|██████▋   | 167/250 [19:58<09:45,  7.06s/it] 67%|██████▋   | 168/250 [20:07<10:07,  7.41s/it] 68%|██████▊   | 169/250 [20:16<10:51,  8.05s/it] 68%|██████▊   | 170/250 [20:22<09:44,  7.31s/it] 68%|██████▊   | 171/250 [20:28<09:13,  7.00s/it] 69%|██████▉   | 172/250 [20:44<12:34,  9.67s/it] 69%|██████▉   | 173/250 [20:59<14:24, 11.23s/it] 70%|██████▉   | 174/250 [21:20<18:11, 14.36s/it] 70%|███████   | 175/250 [21:29<15:50, 12.67s/it] 70%|███████   | 176/250 [21:50<18:42, 15.17s/it] 71%|███████   | 177/250 [22:04<18:05, 14.87s/it] 71%|███████   | 178/250 [22:08<13:57, 11.64s/it] 72%|███████▏  | 179/250 [22:22<14:18, 12.09s/it] 72%|███████▏  | 180/250 [22:36<14:56, 12.81s/it] 72%|███████▏  | 181/250 [22:58<17:57, 15.61s/it] 73%|███████▎  | 182/250 [23:05<14:36, 12.88s/it] 73%|███████▎  | 183/250 [23:26<17:20, 15.53s/it] 74%|███████▎  | 184/250 [23:29<12:56, 11.77s/it] 74%|███████▍  | 185/250 [23:44<13:42, 12.66s/it] 74%|███████▍  | 186/250 [23:50<11:16, 10.57s/it] 75%|███████▍  | 187/250 [24:12<14:49, 14.12s/it] 75%|███████▌  | 188/250 [24:22<13:24, 12.97s/it] 75%|███████▌  | 188/250 [24:25<08:03,  7.80s/it]
ERROR:root:Internal Python error in the inspect module.
Below is the traceback from this internal error.

Traceback (most recent call last):
  File "/Users/anton/.conda/envs/reinforcement_learning/lib/python3.8/site-packages/IPython/core/interactiveshell.py", line 3418, in run_code
    exec(code_obj, self.user_global_ns, self.user_ns)
  File "<ipython-input-7-94bfbd7604e9>", line 11, in <module>
    agent.learn()
  File "../src/agent.py", line 109, in learn
    state, action, reward, new_state, done = self.replay_buffer.get_minibatch()
  File "../src/replay_buffer.py", line 52, in get_minibatch
    batch_index = np.random.choice(buffer_range, self.batch_size, replace=False)
KeyboardInterrupt

During handling of the above exception, another exception occurred:

Traceback (most recent call last):
  File "/Users/anton/.conda/envs/reinforcement_learning/lib/python3.8/site-packages/IPython/core/interactiveshell.py", line 2045, in showtraceback
    stb = value._render_traceback_()
AttributeError: 'KeyboardInterrupt' object has no attribute '_render_traceback_'

During handling of the above exception, another exception occurred:

Traceback (most recent call last):
  File "/Users/anton/.conda/envs/reinforcement_learning/lib/python3.8/site-packages/IPython/core/ultratb.py", line 1170, in get_records
    return _fixed_getinnerframes(etb, number_of_lines_of_context, tb_offset)
  File "/Users/anton/.conda/envs/reinforcement_learning/lib/python3.8/site-packages/IPython/core/ultratb.py", line 316, in wrapped
    return f(*args, **kwargs)
  File "/Users/anton/.conda/envs/reinforcement_learning/lib/python3.8/site-packages/IPython/core/ultratb.py", line 350, in _fixed_getinnerframes
    records = fix_frame_records_filenames(inspect.getinnerframes(etb, context))
  File "/Users/anton/.conda/envs/reinforcement_learning/lib/python3.8/inspect.py", line 1503, in getinnerframes
    frameinfo = (tb.tb_frame,) + getframeinfo(tb, context)
  File "/Users/anton/.conda/envs/reinforcement_learning/lib/python3.8/inspect.py", line 1461, in getframeinfo
    filename = getsourcefile(frame) or getfile(frame)
  File "/Users/anton/.conda/envs/reinforcement_learning/lib/python3.8/inspect.py", line 708, in getsourcefile
    if getattr(getmodule(object, filename), '__loader__', None) is not None:
  File "/Users/anton/.conda/envs/reinforcement_learning/lib/python3.8/inspect.py", line 754, in getmodule
    os.path.realpath(f)] = module.__name__
  File "/Users/anton/.conda/envs/reinforcement_learning/lib/python3.8/posixpath.py", line 391, in realpath
    path, ok = _joinrealpath(filename[:0], filename, {})
  File "/Users/anton/.conda/envs/reinforcement_learning/lib/python3.8/posixpath.py", line 424, in _joinrealpath
    newpath = join(path, name)
KeyboardInterrupt
