loading weights
945736
3000
[1.07478544 0.93044417]
  0%|          | 0/250 [00:00<?, ?it/s][-236.02606258717572]
  0%|          | 1/250 [00:00<01:33,  2.65it/s][-236.02606258717572, 251.44344869806042]
  1%|          | 2/250 [00:00<01:51,  2.23it/s][-236.02606258717572, 251.44344869806042, 261.889909433493]
  1%|          | 3/250 [00:02<04:32,  1.10s/it][-236.02606258717572, 251.44344869806042, 261.889909433493, 294.99021791466924]
  2%|▏         | 4/250 [00:03<03:27,  1.18it/s][-236.02606258717572, 251.44344869806042, 261.889909433493, 294.99021791466924, 275.562872860067]
  2%|▏         | 5/250 [00:03<02:40,  1.53it/s][-236.02606258717572, 251.44344869806042, 261.889909433493, 294.99021791466924, 275.562872860067, 178.25597836609253]
  2%|▏         | 6/250 [00:05<04:37,  1.14s/it][-236.02606258717572, 251.44344869806042, 261.889909433493, 294.99021791466924, 275.562872860067, 178.25597836609253, 281.8255316238506]
  3%|▎         | 7/250 [00:05<03:33,  1.14it/s][-236.02606258717572, 251.44344869806042, 261.889909433493, 294.99021791466924, 275.562872860067, 178.25597836609253, 281.8255316238506, 10.584713383833972]
  3%|▎         | 8/250 [00:06<02:45,  1.46it/s][-236.02606258717572, 251.44344869806042, 261.889909433493, 294.99021791466924, 275.562872860067, 178.25597836609253, 281.8255316238506, 10.584713383833972, 240.36791202402168]
  4%|▎         | 9/250 [00:07<03:36,  1.11it/s][-236.02606258717572, 251.44344869806042, 261.889909433493, 294.99021791466924, 275.562872860067, 178.25597836609253, 281.8255316238506, 10.584713383833972, 240.36791202402168, 282.20887842870934]
  4%|▍         | 10/250 [00:07<02:56,  1.36it/s][-236.02606258717572, 251.44344869806042, 261.889909433493, 294.99021791466924, 275.562872860067, 178.25597836609253, 281.8255316238506, 10.584713383833972, 240.36791202402168, 282.20887842870934, 230.33954497655537]
  4%|▍         | 11/250 [00:08<03:09,  1.26it/s][-236.02606258717572, 251.44344869806042, 261.889909433493, 294.99021791466924, 275.562872860067, 178.25597836609253, 281.8255316238506, 10.584713383833972, 240.36791202402168, 282.20887842870934, 230.33954497655537, 230.54339871090772]
  5%|▍         | 12/250 [00:09<03:05,  1.28it/s][-236.02606258717572, 251.44344869806042, 261.889909433493, 294.99021791466924, 275.562872860067, 178.25597836609253, 281.8255316238506, 10.584713383833972, 240.36791202402168, 282.20887842870934, 230.33954497655537, 230.54339871090772, 279.42979301909077]
  5%|▌         | 13/250 [00:10<02:54,  1.36it/s][-236.02606258717572, 251.44344869806042, 261.889909433493, 294.99021791466924, 275.562872860067, 178.25597836609253, 281.8255316238506, 10.584713383833972, 240.36791202402168, 282.20887842870934, 230.33954497655537, 230.54339871090772, 279.42979301909077, 283.42262720929153]
  6%|▌         | 14/250 [00:10<02:33,  1.54it/s][-236.02606258717572, 251.44344869806042, 261.889909433493, 294.99021791466924, 275.562872860067, 178.25597836609253, 281.8255316238506, 10.584713383833972, 240.36791202402168, 282.20887842870934, 230.33954497655537, 230.54339871090772, 279.42979301909077, 283.42262720929153, 272.3679229714246]
  6%|▌         | 15/250 [00:11<02:14,  1.75it/s][-236.02606258717572, 251.44344869806042, 261.889909433493, 294.99021791466924, 275.562872860067, 178.25597836609253, 281.8255316238506, 10.584713383833972, 240.36791202402168, 282.20887842870934, 230.33954497655537, 230.54339871090772, 279.42979301909077, 283.42262720929153, 272.3679229714246, 267.6241511079012]
  6%|▋         | 16/250 [00:11<01:59,  1.97it/s][-236.02606258717572, 251.44344869806042, 261.889909433493, 294.99021791466924, 275.562872860067, 178.25597836609253, 281.8255316238506, 10.584713383833972, 240.36791202402168, 282.20887842870934, 230.33954497655537, 230.54339871090772, 279.42979301909077, 283.42262720929153, 272.3679229714246, 267.6241511079012, 6.415438208725391]
  7%|▋         | 17/250 [00:11<01:43,  2.26it/s][-236.02606258717572, 251.44344869806042, 261.889909433493, 294.99021791466924, 275.562872860067, 178.25597836609253, 281.8255316238506, 10.584713383833972, 240.36791202402168, 282.20887842870934, 230.33954497655537, 230.54339871090772, 279.42979301909077, 283.42262720929153, 272.3679229714246, 267.6241511079012, 6.415438208725391, 295.5972907839367]
  7%|▋         | 18/250 [00:12<01:54,  2.02it/s][-236.02606258717572, 251.44344869806042, 261.889909433493, 294.99021791466924, 275.562872860067, 178.25597836609253, 281.8255316238506, 10.584713383833972, 240.36791202402168, 282.20887842870934, 230.33954497655537, 230.54339871090772, 279.42979301909077, 283.42262720929153, 272.3679229714246, 267.6241511079012, 6.415438208725391, 295.5972907839367, 256.95947759151045]
  8%|▊         | 19/250 [00:13<02:23,  1.61it/s][-236.02606258717572, 251.44344869806042, 261.889909433493, 294.99021791466924, 275.562872860067, 178.25597836609253, 281.8255316238506, 10.584713383833972, 240.36791202402168, 282.20887842870934, 230.33954497655537, 230.54339871090772, 279.42979301909077, 283.42262720929153, 272.3679229714246, 267.6241511079012, 6.415438208725391, 295.5972907839367, 256.95947759151045, 256.69064088606876]
  8%|▊         | 20/250 [00:13<02:24,  1.59it/s][-236.02606258717572, 251.44344869806042, 261.889909433493, 294.99021791466924, 275.562872860067, 178.25597836609253, 281.8255316238506, 10.584713383833972, 240.36791202402168, 282.20887842870934, 230.33954497655537, 230.54339871090772, 279.42979301909077, 283.42262720929153, 272.3679229714246, 267.6241511079012, 6.415438208725391, 295.5972907839367, 256.95947759151045, 256.69064088606876, 270.6932543646569]
  8%|▊         | 21/250 [00:14<02:01,  1.89it/s][-236.02606258717572, 251.44344869806042, 261.889909433493, 294.99021791466924, 275.562872860067, 178.25597836609253, 281.8255316238506, 10.584713383833972, 240.36791202402168, 282.20887842870934, 230.33954497655537, 230.54339871090772, 279.42979301909077, 283.42262720929153, 272.3679229714246, 267.6241511079012, 6.415438208725391, 295.5972907839367, 256.95947759151045, 256.69064088606876, 270.6932543646569, 301.1671674999661]
  9%|▉         | 22/250 [00:14<01:51,  2.05it/s][-236.02606258717572, 251.44344869806042, 261.889909433493, 294.99021791466924, 275.562872860067, 178.25597836609253, 281.8255316238506, 10.584713383833972, 240.36791202402168, 282.20887842870934, 230.33954497655537, 230.54339871090772, 279.42979301909077, 283.42262720929153, 272.3679229714246, 267.6241511079012, 6.415438208725391, 295.5972907839367, 256.95947759151045, 256.69064088606876, 270.6932543646569, 301.1671674999661, 272.58929511040833]
  9%|▉         | 23/250 [00:14<01:40,  2.26it/s][-236.02606258717572, 251.44344869806042, 261.889909433493, 294.99021791466924, 275.562872860067, 178.25597836609253, 281.8255316238506, 10.584713383833972, 240.36791202402168, 282.20887842870934, 230.33954497655537, 230.54339871090772, 279.42979301909077, 283.42262720929153, 272.3679229714246, 267.6241511079012, 6.415438208725391, 295.5972907839367, 256.95947759151045, 256.69064088606876, 270.6932543646569, 301.1671674999661, 272.58929511040833, 250.6220448011736]
 10%|▉         | 24/250 [00:15<02:05,  1.80it/s][-236.02606258717572, 251.44344869806042, 261.889909433493, 294.99021791466924, 275.562872860067, 178.25597836609253, 281.8255316238506, 10.584713383833972, 240.36791202402168, 282.20887842870934, 230.33954497655537, 230.54339871090772, 279.42979301909077, 283.42262720929153, 272.3679229714246, 267.6241511079012, 6.415438208725391, 295.5972907839367, 256.95947759151045, 256.69064088606876, 270.6932543646569, 301.1671674999661, 272.58929511040833, 250.6220448011736, 258.94785821125004]
 10%|█         | 25/250 [00:16<01:49,  2.06it/s][-236.02606258717572, 251.44344869806042, 261.889909433493, 294.99021791466924, 275.562872860067, 178.25597836609253, 281.8255316238506, 10.584713383833972, 240.36791202402168, 282.20887842870934, 230.33954497655537, 230.54339871090772, 279.42979301909077, 283.42262720929153, 272.3679229714246, 267.6241511079012, 6.415438208725391, 295.5972907839367, 256.95947759151045, 256.69064088606876, 270.6932543646569, 301.1671674999661, 272.58929511040833, 250.6220448011736, 258.94785821125004, 245.71164125810253]
 10%|█         | 26/250 [00:16<01:39,  2.25it/s][-236.02606258717572, 251.44344869806042, 261.889909433493, 294.99021791466924, 275.562872860067, 178.25597836609253, 281.8255316238506, 10.584713383833972, 240.36791202402168, 282.20887842870934, 230.33954497655537, 230.54339871090772, 279.42979301909077, 283.42262720929153, 272.3679229714246, 267.6241511079012, 6.415438208725391, 295.5972907839367, 256.95947759151045, 256.69064088606876, 270.6932543646569, 301.1671674999661, 272.58929511040833, 250.6220448011736, 258.94785821125004, 245.71164125810253, 307.4429615283492]
 11%|█         | 27/250 [00:16<01:35,  2.33it/s][-236.02606258717572, 251.44344869806042, 261.889909433493, 294.99021791466924, 275.562872860067, 178.25597836609253, 281.8255316238506, 10.584713383833972, 240.36791202402168, 282.20887842870934, 230.33954497655537, 230.54339871090772, 279.42979301909077, 283.42262720929153, 272.3679229714246, 267.6241511079012, 6.415438208725391, 295.5972907839367, 256.95947759151045, 256.69064088606876, 270.6932543646569, 301.1671674999661, 272.58929511040833, 250.6220448011736, 258.94785821125004, 245.71164125810253, 307.4429615283492, 240.09685317664662]
 11%|█         | 28/250 [00:17<01:32,  2.40it/s][-236.02606258717572, 251.44344869806042, 261.889909433493, 294.99021791466924, 275.562872860067, 178.25597836609253, 281.8255316238506, 10.584713383833972, 240.36791202402168, 282.20887842870934, 230.33954497655537, 230.54339871090772, 279.42979301909077, 283.42262720929153, 272.3679229714246, 267.6241511079012, 6.415438208725391, 295.5972907839367, 256.95947759151045, 256.69064088606876, 270.6932543646569, 301.1671674999661, 272.58929511040833, 250.6220448011736, 258.94785821125004, 245.71164125810253, 307.4429615283492, 240.09685317664662, 323.29665012961357]
 12%|█▏        | 29/250 [00:17<01:41,  2.17it/s][-236.02606258717572, 251.44344869806042, 261.889909433493, 294.99021791466924, 275.562872860067, 178.25597836609253, 281.8255316238506, 10.584713383833972, 240.36791202402168, 282.20887842870934, 230.33954497655537, 230.54339871090772, 279.42979301909077, 283.42262720929153, 272.3679229714246, 267.6241511079012, 6.415438208725391, 295.5972907839367, 256.95947759151045, 256.69064088606876, 270.6932543646569, 301.1671674999661, 272.58929511040833, 250.6220448011736, 258.94785821125004, 245.71164125810253, 307.4429615283492, 240.09685317664662, 323.29665012961357, 239.9704432379157]
 12%|█▏        | 30/250 [00:18<01:41,  2.17it/s][-236.02606258717572, 251.44344869806042, 261.889909433493, 294.99021791466924, 275.562872860067, 178.25597836609253, 281.8255316238506, 10.584713383833972, 240.36791202402168, 282.20887842870934, 230.33954497655537, 230.54339871090772, 279.42979301909077, 283.42262720929153, 272.3679229714246, 267.6241511079012, 6.415438208725391, 295.5972907839367, 256.95947759151045, 256.69064088606876, 270.6932543646569, 301.1671674999661, 272.58929511040833, 250.6220448011736, 258.94785821125004, 245.71164125810253, 307.4429615283492, 240.09685317664662, 323.29665012961357, 239.9704432379157, 311.91915964970235]
 12%|█▏        | 31/250 [00:18<01:36,  2.28it/s][-236.02606258717572, 251.44344869806042, 261.889909433493, 294.99021791466924, 275.562872860067, 178.25597836609253, 281.8255316238506, 10.584713383833972, 240.36791202402168, 282.20887842870934, 230.33954497655537, 230.54339871090772, 279.42979301909077, 283.42262720929153, 272.3679229714246, 267.6241511079012, 6.415438208725391, 295.5972907839367, 256.95947759151045, 256.69064088606876, 270.6932543646569, 301.1671674999661, 272.58929511040833, 250.6220448011736, 258.94785821125004, 245.71164125810253, 307.4429615283492, 240.09685317664662, 323.29665012961357, 239.9704432379157, 311.91915964970235, 243.56360454938755]
 13%|█▎        | 32/250 [00:18<01:29,  2.42it/s][-236.02606258717572, 251.44344869806042, 261.889909433493, 294.99021791466924, 275.562872860067, 178.25597836609253, 281.8255316238506, 10.584713383833972, 240.36791202402168, 282.20887842870934, 230.33954497655537, 230.54339871090772, 279.42979301909077, 283.42262720929153, 272.3679229714246, 267.6241511079012, 6.415438208725391, 295.5972907839367, 256.95947759151045, 256.69064088606876, 270.6932543646569, 301.1671674999661, 272.58929511040833, 250.6220448011736, 258.94785821125004, 245.71164125810253, 307.4429615283492, 240.09685317664662, 323.29665012961357, 239.9704432379157, 311.91915964970235, 243.56360454938755, 236.45296196902976]
 13%|█▎        | 32/250 [00:19<02:12,  1.64it/s]
ERROR:root:Internal Python error in the inspect module.
Below is the traceback from this internal error.

Traceback (most recent call last):
  File "/Users/anton/.conda/envs/reinforcement_learning/lib/python3.8/site-packages/IPython/core/interactiveshell.py", line 3418, in run_code
    exec(code_obj, self.user_global_ns, self.user_ns)
  File "<ipython-input-7-7f9108cd8061>", line 31, in <module>
    new_states, reward, done, info = env.step(action)
  File "/Users/anton/.conda/envs/reinforcement_learning/lib/python3.8/site-packages/gym/wrappers/time_limit.py", line 16, in step
    observation, reward, done, info = self.env.step(action)
  File "/Users/anton/.conda/envs/reinforcement_learning/lib/python3.8/site-packages/gym/envs/box2d/lunar_lander.py", line 248, in step
    action = np.clip(action, -1, +1).astype(np.float32)
  File "<__array_function__ internals>", line 5, in clip
  File "/Users/anton/.conda/envs/reinforcement_learning/lib/python3.8/site-packages/numpy/core/fromnumeric.py", line 2103, in clip
    return _wrapfunc(a, 'clip', a_min, a_max, out=out, **kwargs)
  File "/Users/anton/.conda/envs/reinforcement_learning/lib/python3.8/site-packages/numpy/core/fromnumeric.py", line 55, in _wrapfunc
    return _wrapit(obj, method, *args, **kwds)
  File "/Users/anton/.conda/envs/reinforcement_learning/lib/python3.8/site-packages/numpy/core/fromnumeric.py", line 44, in _wrapit
    result = getattr(asarray(obj), method)(*args, **kwds)
  File "/Users/anton/.conda/envs/reinforcement_learning/lib/python3.8/site-packages/numpy/core/_methods.py", line 158, in _clip
    return _clip_dep_invoke_with_casting(
  File "/Users/anton/.conda/envs/reinforcement_learning/lib/python3.8/site-packages/numpy/core/_methods.py", line 112, in _clip_dep_invoke_with_casting
    return ufunc(*args, out=out, **kwargs)
KeyboardInterrupt

During handling of the above exception, another exception occurred:

Traceback (most recent call last):
  File "/Users/anton/.conda/envs/reinforcement_learning/lib/python3.8/site-packages/IPython/core/interactiveshell.py", line 2045, in showtraceback
    stb = value._render_traceback_()
AttributeError: 'KeyboardInterrupt' object has no attribute '_render_traceback_'

During handling of the above exception, another exception occurred:

Traceback (most recent call last):
  File "/Users/anton/.conda/envs/reinforcement_learning/lib/python3.8/site-packages/IPython/core/ultratb.py", line 1170, in get_records
    return _fixed_getinnerframes(etb, number_of_lines_of_context, tb_offset)
  File "/Users/anton/.conda/envs/reinforcement_learning/lib/python3.8/site-packages/IPython/core/ultratb.py", line 316, in wrapped
    return f(*args, **kwargs)
  File "/Users/anton/.conda/envs/reinforcement_learning/lib/python3.8/site-packages/IPython/core/ultratb.py", line 350, in _fixed_getinnerframes
    records = fix_frame_records_filenames(inspect.getinnerframes(etb, context))
  File "/Users/anton/.conda/envs/reinforcement_learning/lib/python3.8/inspect.py", line 1503, in getinnerframes
    frameinfo = (tb.tb_frame,) + getframeinfo(tb, context)
  File "/Users/anton/.conda/envs/reinforcement_learning/lib/python3.8/inspect.py", line 1461, in getframeinfo
    filename = getsourcefile(frame) or getfile(frame)
  File "/Users/anton/.conda/envs/reinforcement_learning/lib/python3.8/inspect.py", line 708, in getsourcefile
    if getattr(getmodule(object, filename), '__loader__', None) is not None:
  File "/Users/anton/.conda/envs/reinforcement_learning/lib/python3.8/inspect.py", line 754, in getmodule
    os.path.realpath(f)] = module.__name__
  File "/Users/anton/.conda/envs/reinforcement_learning/lib/python3.8/posixpath.py", line 391, in realpath
    path, ok = _joinrealpath(filename[:0], filename, {})
  File "/Users/anton/.conda/envs/reinforcement_learning/lib/python3.8/posixpath.py", line 425, in _joinrealpath
    if not islink(newpath):
  File "/Users/anton/.conda/envs/reinforcement_learning/lib/python3.8/posixpath.py", line 167, in islink
    st = os.lstat(path)
KeyboardInterrupt
