  0%|          | 0/250 [00:00<?, ?it/s][-988.3223410494767]
  0%|          | 1/250 [00:00<00:37,  6.66it/s][-988.3223410494767, -1244.6877656405597]
  1%|          | 2/250 [00:00<00:37,  6.70it/s][-988.3223410494767, -1244.6877656405597, -896.0863310430843]
  1%|          | 3/250 [00:00<00:32,  7.70it/s][-988.3223410494767, -1244.6877656405597, -896.0863310430843, -1285.154689207053]
  2%|▏         | 4/250 [00:00<00:32,  7.46it/s][-988.3223410494767, -1244.6877656405597, -896.0863310430843, -1285.154689207053, -1313.535591458006]
  2%|▏         | 5/250 [00:00<00:35,  6.96it/s][-988.3223410494767, -1244.6877656405597, -896.0863310430843, -1285.154689207053, -1313.535591458006, -1382.9254483014759]
  2%|▏         | 6/250 [00:00<00:36,  6.60it/s][-988.3223410494767, -1244.6877656405597, -896.0863310430843, -1285.154689207053, -1313.535591458006, -1382.9254483014759, -760.2410710710628]
[-988.3223410494767, -1244.6877656405597, -896.0863310430843, -1285.154689207053, -1313.535591458006, -1382.9254483014759, -760.2410710710628, -1468.644539674749]
  3%|▎         | 8/250 [00:01<00:34,  7.02it/s][-988.3223410494767, -1244.6877656405597, -896.0863310430843, -1285.154689207053, -1313.535591458006, -1382.9254483014759, -760.2410710710628, -1468.644539674749, -765.290235704963]
[-988.3223410494767, -1244.6877656405597, -896.0863310430843, -1285.154689207053, -1313.535591458006, -1382.9254483014759, -760.2410710710628, -1468.644539674749, -765.290235704963, -725.5148532500821]
  4%|▍         | 10/250 [00:01<00:29,  8.03it/s][-988.3223410494767, -1244.6877656405597, -896.0863310430843, -1285.154689207053, -1313.535591458006, -1382.9254483014759, -760.2410710710628, -1468.644539674749, -765.290235704963, -725.5148532500821, -1305.6445352174428]
  4%|▍         | 11/250 [00:01<00:32,  7.41it/s][-988.3223410494767, -1244.6877656405597, -896.0863310430843, -1285.154689207053, -1313.535591458006, -1382.9254483014759, -760.2410710710628, -1468.644539674749, -765.290235704963, -725.5148532500821, -1305.6445352174428, -1310.6261647255524]
  5%|▍         | 12/250 [00:01<00:33,  7.15it/s][-988.3223410494767, -1244.6877656405597, -896.0863310430843, -1285.154689207053, -1313.535591458006, -1382.9254483014759, -760.2410710710628, -1468.644539674749, -765.290235704963, -725.5148532500821, -1305.6445352174428, -1310.6261647255524, -879.7896407929339]
  5%|▌         | 13/250 [00:01<00:30,  7.65it/s][-988.3223410494767, -1244.6877656405597, -896.0863310430843, -1285.154689207053, -1313.535591458006, -1382.9254483014759, -760.2410710710628, -1468.644539674749, -765.290235704963, -725.5148532500821, -1305.6445352174428, -1310.6261647255524, -879.7896407929339, -722.1833571785513]
[-988.3223410494767, -1244.6877656405597, -896.0863310430843, -1285.154689207053, -1313.535591458006, -1382.9254483014759, -760.2410710710628, -1468.644539674749, -765.290235704963, -725.5148532500821, -1305.6445352174428, -1310.6261647255524, -879.7896407929339, -722.1833571785513, -1546.8874692440793]
  6%|▌         | 15/250 [00:02<00:30,  7.70it/s][-988.3223410494767, -1244.6877656405597, -896.0863310430843, -1285.154689207053, -1313.535591458006, -1382.9254483014759, -760.2410710710628, -1468.644539674749, -765.290235704963, -725.5148532500821, -1305.6445352174428, -1310.6261647255524, -879.7896407929339, -722.1833571785513, -1546.8874692440793, -1910.491362284873]
  6%|▋         | 16/250 [00:02<00:36,  6.37it/s][-988.3223410494767, -1244.6877656405597, -896.0863310430843, -1285.154689207053, -1313.535591458006, -1382.9254483014759, -760.2410710710628, -1468.644539674749, -765.290235704963, -725.5148532500821, -1305.6445352174428, -1310.6261647255524, -879.7896407929339, -722.1833571785513, -1546.8874692440793, -1910.491362284873, -1422.7417021147241]
  7%|▋         | 17/250 [00:02<00:38,  6.10it/s][-988.3223410494767, -1244.6877656405597, -896.0863310430843, -1285.154689207053, -1313.535591458006, -1382.9254483014759, -760.2410710710628, -1468.644539674749, -765.290235704963, -725.5148532500821, -1305.6445352174428, -1310.6261647255524, -879.7896407929339, -722.1833571785513, -1546.8874692440793, -1910.491362284873, -1422.7417021147241, -1686.7192271133388]
  7%|▋         | 18/250 [00:02<00:39,  5.84it/s][-988.3223410494767, -1244.6877656405597, -896.0863310430843, -1285.154689207053, -1313.535591458006, -1382.9254483014759, -760.2410710710628, -1468.644539674749, -765.290235704963, -725.5148532500821, -1305.6445352174428, -1310.6261647255524, -879.7896407929339, -722.1833571785513, -1546.8874692440793, -1910.491362284873, -1422.7417021147241, -1686.7192271133388, -1329.6585223487666]
  8%|▊         | 19/250 [00:02<00:38,  5.94it/s][-988.3223410494767, -1244.6877656405597, -896.0863310430843, -1285.154689207053, -1313.535591458006, -1382.9254483014759, -760.2410710710628, -1468.644539674749, -765.290235704963, -725.5148532500821, -1305.6445352174428, -1310.6261647255524, -879.7896407929339, -722.1833571785513, -1546.8874692440793, -1910.491362284873, -1422.7417021147241, -1686.7192271133388, -1329.6585223487666, -718.3128156448157]
  8%|▊         | 20/250 [00:02<00:36,  6.25it/s][-988.3223410494767, -1244.6877656405597, -896.0863310430843, -1285.154689207053, -1313.535591458006, -1382.9254483014759, -760.2410710710628, -1468.644539674749, -765.290235704963, -725.5148532500821, -1305.6445352174428, -1310.6261647255524, -879.7896407929339, -722.1833571785513, -1546.8874692440793, -1910.491362284873, -1422.7417021147241, -1686.7192271133388, -1329.6585223487666, -718.3128156448157, -1238.9073078648908]
  8%|▊         | 21/250 [00:03<00:35,  6.53it/s][-988.3223410494767, -1244.6877656405597, -896.0863310430843, -1285.154689207053, -1313.535591458006, -1382.9254483014759, -760.2410710710628, -1468.644539674749, -765.290235704963, -725.5148532500821, -1305.6445352174428, -1310.6261647255524, -879.7896407929339, -722.1833571785513, -1546.8874692440793, -1910.491362284873, -1422.7417021147241, -1686.7192271133388, -1329.6585223487666, -718.3128156448157, -1238.9073078648908, -1559.8961705437077]
  9%|▉         | 22/250 [00:03<00:39,  5.79it/s][-988.3223410494767, -1244.6877656405597, -896.0863310430843, -1285.154689207053, -1313.535591458006, -1382.9254483014759, -760.2410710710628, -1468.644539674749, -765.290235704963, -725.5148532500821, -1305.6445352174428, -1310.6261647255524, -879.7896407929339, -722.1833571785513, -1546.8874692440793, -1910.491362284873, -1422.7417021147241, -1686.7192271133388, -1329.6585223487666, -718.3128156448157, -1238.9073078648908, -1559.8961705437077, -1216.6116441281818]
  9%|▉         | 23/250 [00:03<00:37,  6.11it/s][-988.3223410494767, -1244.6877656405597, -896.0863310430843, -1285.154689207053, -1313.535591458006, -1382.9254483014759, -760.2410710710628, -1468.644539674749, -765.290235704963, -725.5148532500821, -1305.6445352174428, -1310.6261647255524, -879.7896407929339, -722.1833571785513, -1546.8874692440793, -1910.491362284873, -1422.7417021147241, -1686.7192271133388, -1329.6585223487666, -718.3128156448157, -1238.9073078648908, -1559.8961705437077, -1216.6116441281818, -879.8131109405034]
 10%|▉         | 24/250 [00:03<00:32,  6.89it/s][-988.3223410494767, -1244.6877656405597, -896.0863310430843, -1285.154689207053, -1313.535591458006, -1382.9254483014759, -760.2410710710628, -1468.644539674749, -765.290235704963, -725.5148532500821, -1305.6445352174428, -1310.6261647255524, -879.7896407929339, -722.1833571785513, -1546.8874692440793, -1910.491362284873, -1422.7417021147241, -1686.7192271133388, -1329.6585223487666, -718.3128156448157, -1238.9073078648908, -1559.8961705437077, -1216.6116441281818, -879.8131109405034, -1141.779003728881]
 10%|█         | 25/250 [00:03<00:32,  6.92it/s] 10%|█         | 25/250 [00:03<00:34,  6.48it/s]
ERROR:root:Internal Python error in the inspect module.
Below is the traceback from this internal error.

Traceback (most recent call last):
  File "/Users/anton/.conda/envs/reinforcement_learning/lib/python3.8/site-packages/IPython/core/interactiveshell.py", line 3418, in run_code
    exec(code_obj, self.user_global_ns, self.user_ns)
  File "<ipython-input-7-268f93259e28>", line 7, in <module>
    action = agent.get_action(states, evaluation)
  File "../src/agent.py", line 96, in get_action
    actions = self.actor(state)
  File "/Users/anton/.conda/envs/reinforcement_learning/lib/python3.8/site-packages/tensorflow/python/keras/engine/base_layer.py", line 1012, in __call__
    outputs = call_fn(inputs, *args, **kwargs)
  File "../src/networks.py", line 48, in call
    policy = self.dense_1(x)
  File "/Users/anton/.conda/envs/reinforcement_learning/lib/python3.8/site-packages/tensorflow/python/keras/engine/base_layer.py", line 1012, in __call__
    outputs = call_fn(inputs, *args, **kwargs)
  File "/Users/anton/.conda/envs/reinforcement_learning/lib/python3.8/site-packages/tensorflow/python/keras/layers/core.py", line 1207, in call
    return core_ops.dense(
  File "/Users/anton/.conda/envs/reinforcement_learning/lib/python3.8/site-packages/tensorflow/python/keras/layers/ops/core.py", line 53, in dense
    outputs = gen_math_ops.mat_mul(inputs, kernel)
  File "/Users/anton/.conda/envs/reinforcement_learning/lib/python3.8/site-packages/tensorflow/python/ops/gen_math_ops.py", line 5527, in mat_mul
    _result = pywrap_tfe.TFE_Py_FastPathExecute(
KeyboardInterrupt

During handling of the above exception, another exception occurred:

Traceback (most recent call last):
  File "/Users/anton/.conda/envs/reinforcement_learning/lib/python3.8/site-packages/IPython/core/interactiveshell.py", line 2045, in showtraceback
    stb = value._render_traceback_()
AttributeError: 'KeyboardInterrupt' object has no attribute '_render_traceback_'

During handling of the above exception, another exception occurred:

Traceback (most recent call last):
  File "/Users/anton/.conda/envs/reinforcement_learning/lib/python3.8/site-packages/IPython/core/ultratb.py", line 1170, in get_records
    return _fixed_getinnerframes(etb, number_of_lines_of_context, tb_offset)
  File "/Users/anton/.conda/envs/reinforcement_learning/lib/python3.8/site-packages/IPython/core/ultratb.py", line 316, in wrapped
    return f(*args, **kwargs)
  File "/Users/anton/.conda/envs/reinforcement_learning/lib/python3.8/site-packages/IPython/core/ultratb.py", line 350, in _fixed_getinnerframes
    records = fix_frame_records_filenames(inspect.getinnerframes(etb, context))
  File "/Users/anton/.conda/envs/reinforcement_learning/lib/python3.8/inspect.py", line 1503, in getinnerframes
    frameinfo = (tb.tb_frame,) + getframeinfo(tb, context)
  File "/Users/anton/.conda/envs/reinforcement_learning/lib/python3.8/inspect.py", line 1461, in getframeinfo
    filename = getsourcefile(frame) or getfile(frame)
  File "/Users/anton/.conda/envs/reinforcement_learning/lib/python3.8/inspect.py", line 708, in getsourcefile
    if getattr(getmodule(object, filename), '__loader__', None) is not None:
  File "/Users/anton/.conda/envs/reinforcement_learning/lib/python3.8/inspect.py", line 754, in getmodule
    os.path.realpath(f)] = module.__name__
  File "/Users/anton/.conda/envs/reinforcement_learning/lib/python3.8/posixpath.py", line 391, in realpath
    path, ok = _joinrealpath(filename[:0], filename, {})
  File "/Users/anton/.conda/envs/reinforcement_learning/lib/python3.8/posixpath.py", line 425, in _joinrealpath
    if not islink(newpath):
  File "/Users/anton/.conda/envs/reinforcement_learning/lib/python3.8/posixpath.py", line 167, in islink
    st = os.lstat(path)
KeyboardInterrupt
