/Users/anton/.conda/envs/reinforcement_learning/lib/python3.8/site-packages/gym/logger.py:30: UserWarning: [33mWARN: Box bound precision lowered by casting to float32[0m
  warnings.warn(colorize('%s: %s'%('WARN', msg % args), 'yellow'))
  0%|          | 0/100000 [00:00<?, ?it/s]  0%|          | 1/100000 [00:00<4:34:52,  6.06it/s]  0%|          | 2/100000 [00:00<3:44:47,  7.41it/s]  0%|          | 3/100000 [00:00<3:31:25,  7.88it/s]  0%|          | 4/100000 [00:00<3:17:23,  8.44it/s]  0%|          | 5/100000 [00:00<3:19:25,  8.36it/s]  0%|          | 6/100000 [00:01<10:59:00,  2.53it/s]  0%|          | 7/100000 [00:02<14:25:21,  1.93it/s]  0%|          | 8/100000 [00:03<17:59:53,  1.54it/s]  0%|          | 9/100000 [00:03<18:18:04,  1.52it/s]  0%|          | 10/100000 [00:04<20:19:53,  1.37it/s]  0%|          | 11/100000 [00:05<21:53:34,  1.27it/s]  0%|          | 12/100000 [00:06<22:09:56,  1.25it/s]  0%|          | 13/100000 [00:07<24:46:21,  1.12it/s]  0%|          | 14/100000 [00:08<25:03:14,  1.11it/s]  0%|          | 15/100000 [00:09<25:45:22,  1.08it/s]  0%|          | 16/100000 [00:10<27:52:32,  1.00s/it]  0%|          | 17/100000 [00:11<27:52:31,  1.00s/it]  0%|          | 18/100000 [00:13<32:25:58,  1.17s/it]  0%|          | 19/100000 [00:14<35:19:12,  1.27s/it]  0%|          | 20/100000 [00:15<32:10:44,  1.16s/it]  0%|          | 21/100000 [00:17<38:24:03,  1.38s/it]  0%|          | 22/100000 [00:18<34:18:37,  1.24s/it]  0%|          | 23/100000 [00:20<42:52:51,  1.54s/it]  0%|          | 24/100000 [00:23<51:20:03,  1.85s/it]  0%|          | 25/100000 [00:24<49:33:25,  1.78s/it]  0%|          | 26/100000 [00:26<46:02:20,  1.66s/it]  0%|          | 27/100000 [00:28<46:10:19,  1.66s/it]  0%|          | 28/100000 [00:29<40:54:09,  1.47s/it]  0%|          | 29/100000 [00:30<39:06:13,  1.41s/it]  0%|          | 30/100000 [00:31<34:41:09,  1.25s/it]  0%|          | 31/100000 [00:32<33:42:57,  1.21s/it]  0%|          | 32/100000 [00:34<38:59:00,  1.40s/it]  0%|          | 33/100000 [00:35<38:27:34,  1.39s/it]  0%|          | 34/100000 [00:38<55:07:38,  1.99s/it]  0%|          | 35/100000 [00:40<55:21:39,  1.99s/it]  0%|          | 36/100000 [00:42<55:34:03,  2.00s/it]  0%|          | 37/100000 [00:44<54:52:26,  1.98s/it]  0%|          | 38/100000 [00:46<51:41:32,  1.86s/it]  0%|          | 39/100000 [00:47<44:38:56,  1.61s/it]  0%|          | 40/100000 [00:48<40:10:10,  1.45s/it]  0%|          | 41/100000 [00:49<35:45:15,  1.29s/it]  0%|          | 42/100000 [00:51<42:17:07,  1.52s/it]  0%|          | 43/100000 [00:52<41:17:00,  1.49s/it]  0%|          | 44/100000 [00:53<36:22:25,  1.31s/it]  0%|          | 45/100000 [00:54<35:10:39,  1.27s/it]  0%|          | 46/100000 [00:57<42:34:41,  1.53s/it]  0%|          | 47/100000 [00:59<50:02:22,  1.80s/it]  0%|          | 48/100000 [01:01<49:43:09,  1.79s/it]  0%|          | 49/100000 [01:03<51:00:38,  1.84s/it]  0%|          | 50/100000 [01:05<55:19:26,  1.99s/it]  0%|          | 51/100000 [01:07<53:26:53,  1.93s/it]  0%|          | 52/100000 [01:09<56:45:17,  2.04s/it]  0%|          | 53/100000 [01:12<65:08:18,  2.35s/it]  0%|          | 54/100000 [01:14<58:34:41,  2.11s/it]  0%|          | 55/100000 [01:15<47:24:02,  1.71s/it]  0%|          | 56/100000 [01:16<48:44:22,  1.76s/it]  0%|          | 57/100000 [01:18<45:47:17,  1.65s/it]  0%|          | 58/100000 [01:21<56:58:46,  2.05s/it]  0%|          | 59/100000 [01:23<54:54:26,  1.98s/it]  0%|          | 60/100000 [01:24<46:31:55,  1.68s/it]  0%|          | 61/100000 [01:25<47:50:34,  1.72s/it]  0%|          | 62/100000 [01:31<79:27:31,  2.86s/it]  0%|          | 63/100000 [01:33<71:18:17,  2.57s/it]  0%|          | 64/100000 [01:34<62:23:10,  2.25s/it]  0%|          | 65/100000 [01:37<62:56:00,  2.27s/it]  0%|          | 66/100000 [01:39<60:47:49,  2.19s/it]  0%|          | 67/100000 [01:40<55:04:57,  1.98s/it]  0%|          | 68/100000 [01:41<45:59:58,  1.66s/it]  0%|          | 69/100000 [01:43<47:08:54,  1.70s/it]  0%|          | 70/100000 [01:44<40:45:55,  1.47s/it]  0%|          | 71/100000 [01:46<50:27:47,  1.82s/it]  0%|          | 72/100000 [01:49<53:12:47,  1.92s/it]  0%|          | 73/100000 [01:51<57:07:20,  2.06s/it]  0%|          | 74/100000 [01:54<61:19:45,  2.21s/it]  0%|          | 75/100000 [01:55<55:31:20,  2.00s/it]  0%|          | 76/100000 [01:57<51:41:33,  1.86s/it]  0%|          | 77/100000 [01:58<51:44:19,  1.86s/it]  0%|          | 78/100000 [02:00<51:18:36,  1.85s/it]  0%|          | 79/100000 [02:01<43:05:31,  1.55s/it]  0%|          | 80/100000 [02:02<40:37:21,  1.46s/it]  0%|          | 81/100000 [02:03<36:14:20,  1.31s/it]  0%|          | 82/100000 [02:05<41:45:58,  1.50s/it]  0%|          | 83/100000 [02:08<48:00:25,  1.73s/it]  0%|          | 84/100000 [02:10<56:44:59,  2.04s/it]  0%|          | 85/100000 [02:13<59:33:28,  2.15s/it]  0%|          | 86/100000 [02:15<58:02:37,  2.09s/it]  0%|          | 87/100000 [02:18<69:28:30,  2.50s/it]  0%|          | 88/100000 [02:20<67:17:34,  2.42s/it]  0%|          | 89/100000 [02:23<65:48:43,  2.37s/it]  0%|          | 90/100000 [02:25<69:53:20,  2.52s/it]  0%|          | 91/100000 [02:28<71:04:26,  2.56s/it]  0%|          | 92/100000 [02:31<73:54:45,  2.66s/it]  0%|          | 93/100000 [02:33<71:03:30,  2.56s/it]  0%|          | 94/100000 [02:37<77:12:02,  2.78s/it]  0%|          | 95/100000 [02:39<77:28:32,  2.79s/it]  0%|          | 96/100000 [02:42<77:40:43,  2.80s/it]  0%|          | 97/100000 [02:44<68:32:04,  2.47s/it]  0%|          | 98/100000 [02:47<71:59:46,  2.59s/it]  0%|          | 99/100000 [02:48<59:14:18,  2.13s/it]  0%|          | 100/100000 [02:50<59:30:40,  2.14s/it]  0%|          | 101/100000 [02:52<59:49:36,  2.16s/it]  0%|          | 102/100000 [02:54<56:16:38,  2.03s/it]  0%|          | 103/100000 [02:56<58:01:49,  2.09s/it]  0%|          | 104/100000 [03:00<68:27:10,  2.47s/it]  0%|          | 105/100000 [03:02<64:38:51,  2.33s/it]  0%|          | 106/100000 [03:04<62:35:34,  2.26s/it]  0%|          | 107/100000 [03:05<56:00:16,  2.02s/it]  0%|          | 108/100000 [03:06<48:46:33,  1.76s/it]  0%|          | 109/100000 [03:08<48:50:52,  1.76s/it]  0%|          | 110/100000 [03:10<53:58:14,  1.95s/it]  0%|          | 111/100000 [03:12<52:29:18,  1.89s/it]  0%|          | 112/100000 [03:15<59:41:26,  2.15s/it]  0%|          | 113/100000 [03:17<57:16:21,  2.06s/it]  0%|          | 114/100000 [03:19<57:36:54,  2.08s/it]  0%|          | 115/100000 [03:21<59:51:13,  2.16s/it]  0%|          | 116/100000 [03:24<61:56:48,  2.23s/it]  0%|          | 117/100000 [03:25<58:07:48,  2.10s/it]  0%|          | 118/100000 [03:27<54:36:37,  1.97s/it]  0%|          | 119/100000 [03:29<52:53:34,  1.91s/it]  0%|          | 120/100000 [03:31<52:05:32,  1.88s/it]  0%|          | 121/100000 [03:33<54:13:57,  1.95s/it]  0%|          | 122/100000 [03:35<55:15:02,  1.99s/it]  0%|          | 123/100000 [03:37<55:48:55,  2.01s/it]  0%|          | 124/100000 [03:39<54:29:23,  1.96s/it]  0%|          | 125/100000 [03:43<73:13:00,  2.64s/it]  0%|          | 126/100000 [03:45<65:54:09,  2.38s/it]  0%|          | 127/100000 [03:46<59:43:14,  2.15s/it]  0%|          | 128/100000 [03:49<60:55:25,  2.20s/it]  0%|          | 129/100000 [03:50<56:30:03,  2.04s/it]  0%|          | 130/100000 [03:53<60:06:04,  2.17s/it]  0%|          | 131/100000 [03:55<60:24:15,  2.18s/it]  0%|          | 132/100000 [03:57<58:23:18,  2.10s/it]  0%|          | 133/100000 [03:59<59:31:38,  2.15s/it]  0%|          | 134/100000 [04:01<57:01:03,  2.06s/it]  0%|          | 135/100000 [04:02<50:00:51,  1.80s/it]  0%|          | 136/100000 [04:04<52:34:14,  1.90s/it]  0%|          | 137/100000 [04:06<49:57:37,  1.80s/it]  0%|          | 138/100000 [04:08<49:54:48,  1.80s/it]  0%|          | 139/100000 [04:10<49:09:49,  1.77s/it]  0%|          | 140/100000 [04:12<52:51:34,  1.91s/it]  0%|          | 141/100000 [04:14<58:23:46,  2.11s/it]  0%|          | 142/100000 [04:18<69:46:56,  2.52s/it]  0%|          | 143/100000 [04:20<67:50:16,  2.45s/it]  0%|          | 143/100000 [04:22<50:50:00,  1.83s/it]
ERROR:root:Internal Python error in the inspect module.
Below is the traceback from this internal error.

Traceback (most recent call last):
  File "/Users/anton/.conda/envs/reinforcement_learning/lib/python3.8/site-packages/IPython/core/interactiveshell.py", line 3418, in run_code
    exec(code_obj, self.user_global_ns, self.user_ns)
  File "<ipython-input-7-8f485f7f2afa>", line 11, in <module>
    agent.learn()
  File "../src/agent.py", line 101, in learn
    value_critic_gradient = tape.gradient(value_critic_loss, self.critic_value.trainable_variables)
  File "/Users/anton/.conda/envs/reinforcement_learning/lib/python3.8/site-packages/tensorflow/python/eager/backprop.py", line 1080, in gradient
    flat_grad = imperative_grad.imperative_grad(
  File "/Users/anton/.conda/envs/reinforcement_learning/lib/python3.8/site-packages/tensorflow/python/eager/imperative_grad.py", line 71, in imperative_grad
    return pywrap_tfe.TFE_Py_TapeGradient(
  File "/Users/anton/.conda/envs/reinforcement_learning/lib/python3.8/site-packages/tensorflow/python/eager/backprop.py", line 162, in _gradient_function
    return grad_fn(mock_op, *out_grads)
  File "/Users/anton/.conda/envs/reinforcement_learning/lib/python3.8/site-packages/tensorflow/python/ops/nn_grad.py", line 351, in _BiasAddGrad
    gen_nn_ops.bias_add_grad(
  File "/Users/anton/.conda/envs/reinforcement_learning/lib/python3.8/site-packages/tensorflow/python/ops/gen_nn_ops.py", line 749, in bias_add_grad
    _result = pywrap_tfe.TFE_Py_FastPathExecute(
KeyboardInterrupt

During handling of the above exception, another exception occurred:

Traceback (most recent call last):
  File "/Users/anton/.conda/envs/reinforcement_learning/lib/python3.8/site-packages/IPython/core/interactiveshell.py", line 2045, in showtraceback
    stb = value._render_traceback_()
AttributeError: 'KeyboardInterrupt' object has no attribute '_render_traceback_'

During handling of the above exception, another exception occurred:

Traceback (most recent call last):
  File "/Users/anton/.conda/envs/reinforcement_learning/lib/python3.8/site-packages/IPython/core/ultratb.py", line 1170, in get_records
    return _fixed_getinnerframes(etb, number_of_lines_of_context, tb_offset)
  File "/Users/anton/.conda/envs/reinforcement_learning/lib/python3.8/site-packages/IPython/core/ultratb.py", line 316, in wrapped
    return f(*args, **kwargs)
  File "/Users/anton/.conda/envs/reinforcement_learning/lib/python3.8/site-packages/IPython/core/ultratb.py", line 350, in _fixed_getinnerframes
    records = fix_frame_records_filenames(inspect.getinnerframes(etb, context))
  File "/Users/anton/.conda/envs/reinforcement_learning/lib/python3.8/inspect.py", line 1503, in getinnerframes
    frameinfo = (tb.tb_frame,) + getframeinfo(tb, context)
  File "/Users/anton/.conda/envs/reinforcement_learning/lib/python3.8/inspect.py", line 1461, in getframeinfo
    filename = getsourcefile(frame) or getfile(frame)
  File "/Users/anton/.conda/envs/reinforcement_learning/lib/python3.8/inspect.py", line 708, in getsourcefile
    if getattr(getmodule(object, filename), '__loader__', None) is not None:
  File "/Users/anton/.conda/envs/reinforcement_learning/lib/python3.8/inspect.py", line 754, in getmodule
    os.path.realpath(f)] = module.__name__
  File "/Users/anton/.conda/envs/reinforcement_learning/lib/python3.8/posixpath.py", line 391, in realpath
    path, ok = _joinrealpath(filename[:0], filename, {})
  File "/Users/anton/.conda/envs/reinforcement_learning/lib/python3.8/posixpath.py", line 425, in _joinrealpath
    if not islink(newpath):
  File "/Users/anton/.conda/envs/reinforcement_learning/lib/python3.8/posixpath.py", line 167, in islink
    st = os.lstat(path)
KeyboardInterrupt
