  0%|          | 0/250 [00:00<?, ?it/s]  0%|          | 1/250 [00:07<30:53,  7.44s/it]  1%|          | 2/250 [00:10<19:39,  4.75s/it]  1%|          | 3/250 [00:12<14:55,  3.63s/it]  2%|▏         | 4/250 [00:15<14:05,  3.44s/it]  2%|▏         | 5/250 [00:19<13:53,  3.40s/it]  2%|▏         | 6/250 [00:21<12:27,  3.06s/it]  3%|▎         | 7/250 [00:24<11:43,  2.90s/it]  3%|▎         | 8/250 [00:27<12:27,  3.09s/it]  4%|▎         | 9/250 [00:29<11:26,  2.85s/it]  4%|▍         | 10/250 [00:32<11:00,  2.75s/it]  4%|▍         | 11/250 [00:34<10:28,  2.63s/it]  5%|▍         | 12/250 [00:37<10:25,  2.63s/it]  5%|▌         | 13/250 [00:39<09:59,  2.53s/it]  6%|▌         | 14/250 [00:42<10:26,  2.65s/it]  6%|▌         | 15/250 [00:45<10:31,  2.69s/it]  6%|▋         | 16/250 [00:48<10:45,  2.76s/it]  7%|▋         | 17/250 [00:51<10:38,  2.74s/it]  7%|▋         | 18/250 [00:53<10:13,  2.65s/it]  8%|▊         | 19/250 [00:56<10:39,  2.77s/it]  8%|▊         | 20/250 [00:59<10:50,  2.83s/it]  8%|▊         | 21/250 [01:03<11:52,  3.11s/it]  9%|▉         | 22/250 [01:06<11:40,  3.07s/it]  9%|▉         | 23/250 [01:08<10:58,  2.90s/it] 10%|▉         | 24/250 [01:12<11:26,  3.04s/it] 10%|█         | 25/250 [01:14<10:44,  2.87s/it] 10%|█         | 26/250 [01:17<11:10,  3.00s/it] 11%|█         | 27/250 [01:21<11:20,  3.05s/it] 11%|█         | 28/250 [01:24<11:45,  3.18s/it] 12%|█▏        | 29/250 [01:28<12:10,  3.31s/it] 12%|█▏        | 30/250 [01:32<13:05,  3.57s/it] 12%|█▏        | 31/250 [01:36<13:33,  3.72s/it] 13%|█▎        | 32/250 [01:39<12:53,  3.55s/it] 13%|█▎        | 33/250 [01:43<13:24,  3.71s/it] 14%|█▎        | 34/250 [01:54<20:48,  5.78s/it] 14%|█▍        | 35/250 [01:58<19:14,  5.37s/it] 14%|█▍        | 36/250 [02:02<18:01,  5.05s/it] 15%|█▍        | 37/250 [02:06<16:07,  4.54s/it] 15%|█▌        | 38/250 [02:11<16:57,  4.80s/it] 16%|█▌        | 39/250 [02:14<15:11,  4.32s/it] 16%|█▌        | 40/250 [02:17<13:05,  3.74s/it] 16%|█▋        | 41/250 [02:20<12:13,  3.51s/it] 17%|█▋        | 42/250 [02:23<12:12,  3.52s/it] 17%|█▋        | 43/250 [02:25<10:46,  3.12s/it] 18%|█▊        | 44/250 [02:28<09:42,  2.83s/it] 18%|█▊        | 45/250 [02:30<08:53,  2.60s/it] 18%|█▊        | 46/250 [02:32<08:17,  2.44s/it] 19%|█▉        | 47/250 [02:34<08:06,  2.40s/it] 19%|█▉        | 48/250 [02:36<07:57,  2.36s/it] 20%|█▉        | 49/250 [02:39<08:20,  2.49s/it] 20%|██        | 50/250 [02:43<09:14,  2.77s/it] 20%|██        | 51/250 [02:46<10:03,  3.03s/it] 21%|██        | 52/250 [02:49<09:27,  2.87s/it] 21%|██        | 53/250 [02:51<08:47,  2.68s/it] 22%|██▏       | 54/250 [02:53<08:18,  2.54s/it] 22%|██▏       | 55/250 [02:56<08:12,  2.52s/it] 22%|██▏       | 56/250 [02:58<08:09,  2.52s/it] 23%|██▎       | 57/250 [03:02<09:03,  2.82s/it] 23%|██▎       | 58/250 [03:05<09:18,  2.91s/it] 24%|██▎       | 59/250 [03:07<09:03,  2.84s/it] 24%|██▍       | 60/250 [03:11<09:43,  3.07s/it] 24%|██▍       | 61/250 [03:16<11:02,  3.51s/it] 25%|██▍       | 62/250 [03:19<11:02,  3.52s/it] 25%|██▌       | 63/250 [03:22<10:01,  3.22s/it] 26%|██▌       | 64/250 [03:24<09:06,  2.94s/it] 26%|██▌       | 65/250 [03:27<09:12,  2.99s/it] 26%|██▋       | 66/250 [03:30<08:59,  2.93s/it] 27%|██▋       | 67/250 [03:33<09:10,  3.01s/it] 27%|██▋       | 68/250 [03:35<08:38,  2.85s/it] 28%|██▊       | 69/250 [03:38<08:12,  2.72s/it] 28%|██▊       | 70/250 [03:41<08:04,  2.69s/it] 28%|██▊       | 71/250 [03:43<07:53,  2.64s/it] 29%|██▉       | 72/250 [03:46<08:31,  2.88s/it] 29%|██▉       | 73/250 [03:50<09:05,  3.08s/it] 30%|██▉       | 74/250 [03:53<08:34,  2.93s/it] 30%|███       | 75/250 [03:56<08:46,  3.01s/it] 30%|███       | 76/250 [03:59<09:03,  3.12s/it] 31%|███       | 77/250 [04:02<09:01,  3.13s/it] 31%|███       | 78/250 [04:06<09:18,  3.25s/it] 32%|███▏      | 79/250 [04:10<09:36,  3.37s/it] 32%|███▏      | 80/250 [04:13<09:34,  3.38s/it] 32%|███▏      | 81/250 [04:16<09:01,  3.21s/it] 33%|███▎      | 82/250 [04:18<08:31,  3.05s/it] 33%|███▎      | 83/250 [04:21<08:30,  3.06s/it] 34%|███▎      | 84/250 [04:24<07:43,  2.79s/it] 34%|███▍      | 85/250 [04:26<07:19,  2.67s/it] 34%|███▍      | 86/250 [04:28<06:54,  2.53s/it] 35%|███▍      | 87/250 [04:31<06:48,  2.51s/it] 35%|███▌      | 88/250 [04:34<07:33,  2.80s/it] 36%|███▌      | 89/250 [04:39<08:51,  3.30s/it] 36%|███▌      | 90/250 [04:42<08:31,  3.20s/it] 36%|███▋      | 91/250 [04:45<08:18,  3.14s/it] 37%|███▋      | 92/250 [04:47<07:45,  2.94s/it] 37%|███▋      | 93/250 [04:50<07:28,  2.86s/it] 38%|███▊      | 94/250 [04:53<07:53,  3.03s/it] 38%|███▊      | 95/250 [04:56<07:19,  2.84s/it] 38%|███▊      | 96/250 [04:59<07:54,  3.08s/it] 39%|███▉      | 97/250 [05:03<08:18,  3.26s/it] 39%|███▉      | 98/250 [05:05<07:42,  3.04s/it] 40%|███▉      | 99/250 [05:09<08:10,  3.25s/it] 40%|████      | 100/250 [05:11<07:25,  2.97s/it] 40%|████      | 101/250 [05:15<07:51,  3.16s/it] 41%|████      | 102/250 [05:17<07:06,  2.88s/it] 41%|████      | 103/250 [05:20<06:44,  2.75s/it] 42%|████▏     | 104/250 [05:23<07:10,  2.95s/it] 42%|████▏     | 105/250 [05:25<06:35,  2.73s/it] 42%|████▏     | 106/250 [05:28<06:37,  2.76s/it] 43%|████▎     | 107/250 [05:31<06:20,  2.66s/it] 43%|████▎     | 108/250 [05:33<06:17,  2.66s/it] 44%|████▎     | 109/250 [05:36<06:00,  2.56s/it] 44%|████▍     | 110/250 [05:38<05:40,  2.43s/it] 44%|████▍     | 111/250 [05:41<05:56,  2.56s/it] 45%|████▍     | 112/250 [05:43<05:36,  2.44s/it] 45%|████▌     | 113/250 [05:45<05:41,  2.49s/it] 46%|████▌     | 114/250 [05:48<05:49,  2.57s/it] 46%|████▌     | 115/250 [05:50<05:28,  2.43s/it] 46%|████▋     | 116/250 [05:53<05:35,  2.50s/it] 47%|████▋     | 117/250 [05:55<05:34,  2.52s/it] 47%|████▋     | 118/250 [05:58<05:18,  2.42s/it] 48%|████▊     | 119/250 [06:00<05:33,  2.55s/it] 48%|████▊     | 120/250 [06:03<05:23,  2.49s/it] 48%|████▊     | 121/250 [06:06<05:30,  2.56s/it] 49%|████▉     | 122/250 [06:09<05:53,  2.76s/it] 49%|████▉     | 123/250 [06:13<06:43,  3.18s/it] 50%|████▉     | 124/250 [06:17<07:12,  3.43s/it] 50%|█████     | 125/250 [06:19<06:31,  3.14s/it] 50%|█████     | 126/250 [06:22<06:00,  2.91s/it] 51%|█████     | 127/250 [06:25<05:57,  2.91s/it] 51%|█████     | 128/250 [06:28<06:16,  3.09s/it] 52%|█████▏    | 129/250 [06:31<06:14,  3.10s/it] 52%|█████▏    | 130/250 [06:34<05:50,  2.92s/it] 52%|█████▏    | 131/250 [06:37<05:51,  2.96s/it] 53%|█████▎    | 132/250 [06:40<06:09,  3.13s/it] 53%|█████▎    | 133/250 [06:43<06:01,  3.09s/it] 54%|█████▎    | 134/250 [06:48<06:36,  3.42s/it] 54%|█████▍    | 135/250 [06:51<06:25,  3.36s/it] 54%|█████▍    | 136/250 [06:53<05:37,  2.96s/it] 55%|█████▍    | 137/250 [06:56<05:44,  3.05s/it] 55%|█████▌    | 138/250 [06:59<05:45,  3.09s/it] 56%|█████▌    | 139/250 [07:01<05:12,  2.82s/it] 56%|█████▌    | 140/250 [07:05<05:31,  3.02s/it] 56%|█████▋    | 141/250 [07:08<05:40,  3.12s/it] 57%|█████▋    | 142/250 [07:11<05:22,  2.99s/it] 57%|█████▋    | 143/250 [07:15<05:50,  3.27s/it] 58%|█████▊    | 144/250 [07:18<05:32,  3.14s/it] 58%|█████▊    | 145/250 [07:21<05:33,  3.18s/it] 58%|█████▊    | 146/250 [07:24<05:38,  3.26s/it] 59%|█████▉    | 147/250 [07:27<04:59,  2.91s/it] 59%|█████▉    | 148/250 [07:30<05:02,  2.97s/it] 60%|█████▉    | 149/250 [07:33<05:03,  3.01s/it] 60%|██████    | 150/250 [07:36<05:13,  3.13s/it] 60%|██████    | 151/250 [07:40<05:23,  3.27s/it] 61%|██████    | 152/250 [07:43<05:25,  3.32s/it] 61%|██████    | 153/250 [07:46<05:19,  3.30s/it] 62%|██████▏   | 154/250 [07:49<05:03,  3.16s/it] 62%|██████▏   | 155/250 [07:52<04:37,  2.92s/it] 62%|██████▏   | 156/250 [07:54<04:14,  2.71s/it] 63%|██████▎   | 157/250 [07:56<03:59,  2.58s/it] 63%|██████▎   | 158/250 [07:58<03:47,  2.47s/it] 64%|██████▎   | 159/250 [08:01<03:57,  2.61s/it] 64%|██████▍   | 160/250 [08:04<03:53,  2.60s/it] 64%|██████▍   | 161/250 [08:07<03:53,  2.62s/it] 65%|██████▍   | 162/250 [08:09<03:55,  2.68s/it] 65%|██████▌   | 163/250 [08:13<04:12,  2.91s/it] 66%|██████▌   | 164/250 [08:16<04:11,  2.93s/it] 66%|██████▌   | 165/250 [08:19<04:20,  3.06s/it] 66%|██████▋   | 166/250 [08:22<04:09,  2.97s/it] 67%|██████▋   | 167/250 [08:25<04:12,  3.04s/it] 67%|██████▋   | 168/250 [08:28<03:57,  2.90s/it] 68%|██████▊   | 169/250 [08:30<03:40,  2.72s/it] 68%|██████▊   | 170/250 [08:33<03:45,  2.82s/it] 68%|██████▊   | 171/250 [08:37<04:00,  3.04s/it] 69%|██████▉   | 172/250 [08:40<04:03,  3.12s/it] 69%|██████▉   | 173/250 [08:42<03:41,  2.88s/it] 70%|██████▉   | 174/250 [08:44<03:18,  2.61s/it] 70%|███████   | 175/250 [08:47<03:16,  2.62s/it] 70%|███████   | 176/250 [08:49<03:11,  2.59s/it] 71%|███████   | 177/250 [08:52<03:05,  2.54s/it] 71%|███████   | 178/250 [08:54<02:54,  2.42s/it] 72%|███████▏  | 179/250 [08:56<02:49,  2.38s/it] 72%|███████▏  | 180/250 [09:00<03:23,  2.91s/it] 72%|███████▏  | 181/250 [09:04<03:35,  3.12s/it] 73%|███████▎  | 182/250 [09:07<03:24,  3.00s/it] 73%|███████▎  | 183/250 [09:10<03:19,  2.97s/it] 74%|███████▎  | 184/250 [09:12<03:14,  2.95s/it] 74%|███████▍  | 185/250 [09:16<03:12,  2.97s/it] 74%|███████▍  | 186/250 [09:19<03:13,  3.03s/it] 75%|███████▍  | 187/250 [09:21<03:03,  2.91s/it] 75%|███████▌  | 188/250 [09:25<03:23,  3.28s/it] 76%|███████▌  | 189/250 [09:28<03:11,  3.15s/it] 76%|███████▌  | 190/250 [09:30<02:50,  2.84s/it] 76%|███████▋  | 191/250 [09:34<02:53,  2.94s/it] 77%|███████▋  | 192/250 [09:36<02:43,  2.81s/it] 77%|███████▋  | 193/250 [09:38<02:29,  2.63s/it] 78%|███████▊  | 194/250 [09:41<02:30,  2.68s/it] 78%|███████▊  | 195/250 [09:45<02:40,  2.92s/it] 78%|███████▊  | 196/250 [09:47<02:32,  2.83s/it] 79%|███████▉  | 197/250 [09:50<02:23,  2.70s/it] 79%|███████▉  | 198/250 [09:53<02:24,  2.77s/it] 80%|███████▉  | 199/250 [09:56<02:34,  3.02s/it] 80%|████████  | 200/250 [09:58<02:18,  2.77s/it] 80%|████████  | 201/250 [10:01<02:16,  2.79s/it] 81%|████████  | 202/250 [10:04<02:16,  2.83s/it] 81%|████████  | 203/250 [10:07<02:16,  2.90s/it] 82%|████████▏ | 204/250 [10:10<02:19,  3.03s/it] 82%|████████▏ | 205/250 [10:13<02:14,  2.98s/it] 82%|████████▏ | 206/250 [10:16<02:07,  2.90s/it] 83%|████████▎ | 207/250 [10:19<02:03,  2.88s/it] 83%|████████▎ | 208/250 [10:21<01:56,  2.77s/it] 84%|████████▎ | 209/250 [10:24<01:56,  2.85s/it] 84%|████████▍ | 210/250 [10:27<01:51,  2.78s/it] 84%|████████▍ | 211/250 [10:30<01:50,  2.83s/it] 85%|████████▍ | 212/250 [10:33<01:44,  2.76s/it] 85%|████████▌ | 213/250 [10:35<01:36,  2.61s/it] 86%|████████▌ | 214/250 [10:39<01:49,  3.05s/it] 86%|████████▌ | 214/250 [10:41<01:47,  3.00s/it]
ERROR:root:Internal Python error in the inspect module.
Below is the traceback from this internal error.

Traceback (most recent call last):
  File "/Users/anton/.conda/envs/reinforcement_learning/lib/python3.8/site-packages/IPython/core/interactiveshell.py", line 3418, in run_code
    exec(code_obj, self.user_global_ns, self.user_ns)
  File "<ipython-input-7-2558020d6481>", line 11, in <module>
    agent.learn()
  File "../src/agent.py", line 128, in learn
    old_q0_value = tf.squeeze(self.critic_0(state, action), 1)
  File "/Users/anton/.conda/envs/reinforcement_learning/lib/python3.8/site-packages/tensorflow/python/keras/engine/base_layer.py", line 1012, in __call__
    outputs = call_fn(inputs, *args, **kwargs)
  File "../src/networks.py", line 27, in call
    q_value = self.q_value(state_action_value)
  File "/Users/anton/.conda/envs/reinforcement_learning/lib/python3.8/site-packages/tensorflow/python/keras/engine/base_layer.py", line 1012, in __call__
    outputs = call_fn(inputs, *args, **kwargs)
  File "/Users/anton/.conda/envs/reinforcement_learning/lib/python3.8/site-packages/tensorflow/python/keras/layers/core.py", line 1207, in call
    return core_ops.dense(
  File "/Users/anton/.conda/envs/reinforcement_learning/lib/python3.8/site-packages/tensorflow/python/keras/layers/ops/core.py", line 64, in dense
    outputs = nn_ops.bias_add(outputs, bias)
  File "/Users/anton/.conda/envs/reinforcement_learning/lib/python3.8/site-packages/tensorflow/python/util/dispatch.py", line 201, in wrapper
    return target(*args, **kwargs)
  File "/Users/anton/.conda/envs/reinforcement_learning/lib/python3.8/site-packages/tensorflow/python/ops/nn_ops.py", line 3378, in bias_add
    return gen_nn_ops.bias_add(
  File "/Users/anton/.conda/envs/reinforcement_learning/lib/python3.8/site-packages/tensorflow/python/ops/gen_nn_ops.py", line 672, in bias_add
    if tld.is_eager:
KeyboardInterrupt

During handling of the above exception, another exception occurred:

Traceback (most recent call last):
  File "/Users/anton/.conda/envs/reinforcement_learning/lib/python3.8/site-packages/IPython/core/interactiveshell.py", line 2045, in showtraceback
    stb = value._render_traceback_()
AttributeError: 'KeyboardInterrupt' object has no attribute '_render_traceback_'

During handling of the above exception, another exception occurred:

Traceback (most recent call last):
  File "/Users/anton/.conda/envs/reinforcement_learning/lib/python3.8/site-packages/IPython/core/ultratb.py", line 1170, in get_records
    return _fixed_getinnerframes(etb, number_of_lines_of_context, tb_offset)
  File "/Users/anton/.conda/envs/reinforcement_learning/lib/python3.8/site-packages/IPython/core/ultratb.py", line 316, in wrapped
    return f(*args, **kwargs)
  File "/Users/anton/.conda/envs/reinforcement_learning/lib/python3.8/site-packages/IPython/core/ultratb.py", line 350, in _fixed_getinnerframes
    records = fix_frame_records_filenames(inspect.getinnerframes(etb, context))
  File "/Users/anton/.conda/envs/reinforcement_learning/lib/python3.8/inspect.py", line 1503, in getinnerframes
    frameinfo = (tb.tb_frame,) + getframeinfo(tb, context)
  File "/Users/anton/.conda/envs/reinforcement_learning/lib/python3.8/inspect.py", line 1461, in getframeinfo
    filename = getsourcefile(frame) or getfile(frame)
  File "/Users/anton/.conda/envs/reinforcement_learning/lib/python3.8/inspect.py", line 708, in getsourcefile
    if getattr(getmodule(object, filename), '__loader__', None) is not None:
  File "/Users/anton/.conda/envs/reinforcement_learning/lib/python3.8/inspect.py", line 754, in getmodule
    os.path.realpath(f)] = module.__name__
  File "/Users/anton/.conda/envs/reinforcement_learning/lib/python3.8/posixpath.py", line 391, in realpath
    path, ok = _joinrealpath(filename[:0], filename, {})
  File "/Users/anton/.conda/envs/reinforcement_learning/lib/python3.8/posixpath.py", line 425, in _joinrealpath
    if not islink(newpath):
  File "/Users/anton/.conda/envs/reinforcement_learning/lib/python3.8/posixpath.py", line 167, in islink
    st = os.lstat(path)
KeyboardInterrupt
ERROR:root:Internal Python error in the inspect module.
Below is the traceback from this internal error.

Traceback (most recent call last):
  File "/Users/anton/.conda/envs/reinforcement_learning/lib/python3.8/site-packages/IPython/core/interactiveshell.py", line 3418, in run_code
    exec(code_obj, self.user_global_ns, self.user_ns)
  File "<ipython-input-7-2558020d6481>", line 11, in <module>
    agent.learn()
  File "../src/agent.py", line 128, in learn
    old_q0_value = tf.squeeze(self.critic_0(state, action), 1)
  File "/Users/anton/.conda/envs/reinforcement_learning/lib/python3.8/site-packages/tensorflow/python/keras/engine/base_layer.py", line 1012, in __call__
    outputs = call_fn(inputs, *args, **kwargs)
  File "../src/networks.py", line 27, in call
    q_value = self.q_value(state_action_value)
  File "/Users/anton/.conda/envs/reinforcement_learning/lib/python3.8/site-packages/tensorflow/python/keras/engine/base_layer.py", line 1012, in __call__
    outputs = call_fn(inputs, *args, **kwargs)
  File "/Users/anton/.conda/envs/reinforcement_learning/lib/python3.8/site-packages/tensorflow/python/keras/layers/core.py", line 1207, in call
    return core_ops.dense(
  File "/Users/anton/.conda/envs/reinforcement_learning/lib/python3.8/site-packages/tensorflow/python/keras/layers/ops/core.py", line 64, in dense
    outputs = nn_ops.bias_add(outputs, bias)
  File "/Users/anton/.conda/envs/reinforcement_learning/lib/python3.8/site-packages/tensorflow/python/util/dispatch.py", line 201, in wrapper
    return target(*args, **kwargs)
  File "/Users/anton/.conda/envs/reinforcement_learning/lib/python3.8/site-packages/tensorflow/python/ops/nn_ops.py", line 3378, in bias_add
    return gen_nn_ops.bias_add(
  File "/Users/anton/.conda/envs/reinforcement_learning/lib/python3.8/site-packages/tensorflow/python/ops/gen_nn_ops.py", line 672, in bias_add
    if tld.is_eager:
KeyboardInterrupt

During handling of the above exception, another exception occurred:

Traceback (most recent call last):
  File "/Users/anton/.conda/envs/reinforcement_learning/lib/python3.8/site-packages/IPython/core/interactiveshell.py", line 2045, in showtraceback
    stb = value._render_traceback_()
AttributeError: 'KeyboardInterrupt' object has no attribute '_render_traceback_'

During handling of the above exception, another exception occurred:

Traceback (most recent call last):
  File "/Users/anton/.conda/envs/reinforcement_learning/lib/python3.8/site-packages/IPython/core/interactiveshell.py", line 3338, in run_ast_nodes
    if (await self.run_code(code, result,  async_=asy)):
  File "/Users/anton/.conda/envs/reinforcement_learning/lib/python3.8/site-packages/IPython/core/interactiveshell.py", line 3435, in run_code
    self.showtraceback(running_compiled_code=True)
  File "/Users/anton/.conda/envs/reinforcement_learning/lib/python3.8/site-packages/IPython/core/interactiveshell.py", line 2047, in showtraceback
    stb = self.InteractiveTB.structured_traceback(etype,
  File "/Users/anton/.conda/envs/reinforcement_learning/lib/python3.8/site-packages/IPython/core/ultratb.py", line 1436, in structured_traceback
    return FormattedTB.structured_traceback(
  File "/Users/anton/.conda/envs/reinforcement_learning/lib/python3.8/site-packages/IPython/core/ultratb.py", line 1336, in structured_traceback
    return VerboseTB.structured_traceback(
  File "/Users/anton/.conda/envs/reinforcement_learning/lib/python3.8/site-packages/IPython/core/ultratb.py", line 1193, in structured_traceback
    formatted_exception = self.format_exception_as_a_whole(etype, evalue, etb, number_of_lines_of_context,
  File "/Users/anton/.conda/envs/reinforcement_learning/lib/python3.8/site-packages/IPython/core/ultratb.py", line 1151, in format_exception_as_a_whole
    last_unique, recursion_repeat = find_recursion(orig_etype, evalue, records)
  File "/Users/anton/.conda/envs/reinforcement_learning/lib/python3.8/site-packages/IPython/core/ultratb.py", line 451, in find_recursion
    return len(records), 0
TypeError: object of type 'NoneType' has no len()

During handling of the above exception, another exception occurred:

Traceback (most recent call last):
  File "/Users/anton/.conda/envs/reinforcement_learning/lib/python3.8/site-packages/IPython/core/interactiveshell.py", line 2045, in showtraceback
    stb = value._render_traceback_()
AttributeError: 'TypeError' object has no attribute '_render_traceback_'

During handling of the above exception, another exception occurred:

Traceback (most recent call last):
  File "/Users/anton/.conda/envs/reinforcement_learning/lib/python3.8/site-packages/IPython/core/ultratb.py", line 1170, in get_records
    return _fixed_getinnerframes(etb, number_of_lines_of_context, tb_offset)
  File "/Users/anton/.conda/envs/reinforcement_learning/lib/python3.8/site-packages/IPython/core/ultratb.py", line 316, in wrapped
    return f(*args, **kwargs)
  File "/Users/anton/.conda/envs/reinforcement_learning/lib/python3.8/site-packages/IPython/core/ultratb.py", line 350, in _fixed_getinnerframes
    records = fix_frame_records_filenames(inspect.getinnerframes(etb, context))
  File "/Users/anton/.conda/envs/reinforcement_learning/lib/python3.8/inspect.py", line 1503, in getinnerframes
    frameinfo = (tb.tb_frame,) + getframeinfo(tb, context)
  File "/Users/anton/.conda/envs/reinforcement_learning/lib/python3.8/inspect.py", line 1461, in getframeinfo
    filename = getsourcefile(frame) or getfile(frame)
  File "/Users/anton/.conda/envs/reinforcement_learning/lib/python3.8/inspect.py", line 708, in getsourcefile
    if getattr(getmodule(object, filename), '__loader__', None) is not None:
  File "/Users/anton/.conda/envs/reinforcement_learning/lib/python3.8/inspect.py", line 754, in getmodule
    os.path.realpath(f)] = module.__name__
  File "/Users/anton/.conda/envs/reinforcement_learning/lib/python3.8/posixpath.py", line 391, in realpath
    path, ok = _joinrealpath(filename[:0], filename, {})
  File "/Users/anton/.conda/envs/reinforcement_learning/lib/python3.8/posixpath.py", line 425, in _joinrealpath
    if not islink(newpath):
  File "/Users/anton/.conda/envs/reinforcement_learning/lib/python3.8/posixpath.py", line 167, in islink
    st = os.lstat(path)
KeyboardInterrupt
